<?xml version="1.0" encoding="UTF-8"?>
<!-- Generated by org.testng.reporters.JUnitReportReporter -->
<testsuite hostname="khichu" failures="0" tests="1" name="com.automation.test.LoginTest" time="9.946" errors="0" timestamp="2024-05-23T07:40:05 IST" skipped="0">
  <testcase classname="com.automation.test.LoginTest" name="verifyLoginSuccessful" time="9.946"/>
</testsuite> <!-- com.automation.test.LoginTest -->
