<?xml version="1.0" encoding="UTF-8"?>
<!-- Generated by org.testng.reporters.JUnitReportReporter -->
<testsuite hostname="khichu" failures="0" tests="1" name="com.automation.test.CartTest" time="5.625" errors="0" timestamp="2024-05-23T13:23:32 IST" skipped="0">
  <testcase classname="com.automation.test.CartTest" name="verifyCartPage" time="5.625"/>
</testsuite> <!-- com.automation.test.CartTest -->
